[debug] [2025-06-21T15:49:15.540Z] ----------------------------------------------------------------------
[debug] [2025-06-21T15:49:15.547Z] Command:       C:\Program Files\nodejs\node.exe C:\Users\peakk\AppData\Roaming\npm\node_modules\firebase-tools\lib\bin\firebase.js init hosting
[debug] [2025-06-21T15:49:15.547Z] CLI Version:   14.2.1
[debug] [2025-06-21T15:49:15.547Z] Platform:      win32
[debug] [2025-06-21T15:49:15.547Z] Node Version:  v22.14.0
[debug] [2025-06-21T15:49:15.548Z] Time:          Sat Jun 21 2025 22:49:15 GMT+0700 (Indochina Time)
[debug] [2025-06-21T15:49:15.548Z] ----------------------------------------------------------------------
[debug] 
[debug] [2025-06-21T15:49:15.554Z] > command requires scopes: ["email","openid","https://www.googleapis.com/auth/cloudplatformprojects.readonly","https://www.googleapis.com/auth/firebase","https://www.googleapis.com/auth/cloud-platform"]
[debug] [2025-06-21T15:49:15.554Z] > authorizing via signed-in user (peakk3984@gmail.com)
[info] 
     ######## #### ########  ######## ########     ###     ######  ########
     ##        ##  ##     ## ##       ##     ##  ##   ##  ##       ##
     ######    ##  ########  ######   ########  #########  ######  ######
     ##        ##  ##    ##  ##       ##     ## ##     ##       ## ##
     ##       #### ##     ## ######## ########  ##     ##  ######  ########

You're about to initialize a Firebase project in this directory:

  E:\Files website\DesktopProject\TodoList

[info] 
=== Project Setup
[info] 
[info] First, let's associate this project directory with a Firebase project.
[info] You can create multiple project aliases by running firebase use --add, 
[info] but for now we'll just set up a default project.
[info] 
[debug] [2025-06-21T15:49:19.331Z] Checked if tokens are valid: false, expires at: 1750469042347
[debug] [2025-06-21T15:49:19.331Z] Checked if tokens are valid: false, expires at: 1750469042347
[debug] [2025-06-21T15:49:19.332Z] > refreshing access token with scopes: []
[debug] [2025-06-21T15:49:19.333Z] >>> [apiv2][query] POST https://www.googleapis.com/oauth2/v3/token [none]
[debug] [2025-06-21T15:49:19.333Z] >>> [apiv2][body] POST https://www.googleapis.com/oauth2/v3/token [omitted]
[debug] [2025-06-21T15:49:19.525Z] <<< [apiv2][status] POST https://www.googleapis.com/oauth2/v3/token 200
[debug] [2025-06-21T15:49:19.525Z] <<< [apiv2][body] POST https://www.googleapis.com/oauth2/v3/token [omitted]
[debug] [2025-06-21T15:49:19.530Z] >>> [apiv2][query] GET https://firebase.googleapis.com/v1beta1/projects pageSize=100
[debug] [2025-06-21T15:49:20.136Z] <<< [apiv2][status] GET https://firebase.googleapis.com/v1beta1/projects 200
[debug] [2025-06-21T15:49:20.136Z] <<< [apiv2][body] GET https://firebase.googleapis.com/v1beta1/projects [omitted]
